[INFO] Listening on port 5004. Start training by pressing the Play button in the Unity Editor.
[INFO] Connected to Unity environment with package version 4.0.0 and communication version 1.5.0
[INFO] Connected new brain: GoldenSpineSmokeAgent?team=0


	Unity Technologies

 Version information:
  ml-agents: 1.1.0,
  ml-agents-envs: 1.1.0,
  Communicator API: 1.5.0,
  PyTorch: 2.10.0+cpu
[INFO] Hyperparameters for behavior name GoldenSpineSmokeAgent: 
	trainer_type:	ppo
	hyperparameters:	
	  batch_size:	64
	  buffer_size:	512
	  learning_rate:	0.0003
	  beta:	0.005
	  epsilon:	0.2
	  lambd:	0.95
	  num_epoch:	3
	  shared_critic:	False
	  learning_rate_schedule:	linear
	  beta_schedule:	linear
	  epsilon_schedule:	linear
	checkpoint_interval:	10000
	network_settings:	
	  normalize:	True
	  hidden_units:	64
	  num_layers:	2
	  vis_encode_type:	simple
	  memory:	None
	  goal_conditioning_type:	hyper
	  deterministic:	False
	reward_signals:	
	  extrinsic:	
	    gamma:	0.99
	    strength:	1.0
	    network_settings:	
	      normalize:	False
	      hidden_units:	128
	      num_layers:	2
	      vis_encode_type:	simple
	      memory:	None
	      goal_conditioning_type:	hyper
	      deterministic:	False
	init_path:	None
	keep_checkpoints:	1
	even_checkpoints:	False
	max_steps:	400
	time_horizon:	32
	summary_freq:	100
	threaded:	False
	self_play:	None
	behavioral_cloning:	None
[WARNING] Restarting worker[0] after 'The Unity environment took too long to respond. Make sure that :
	 The environment does not need user interaction to launch
	 The Agents' Behavior Parameters > Behavior Type is set to "Default"
	 The environment and the Python interface have compatible versions.
	 If you're running on a headless server without graphics support, turn off display by either passing --no-graphics option or build your Unity executable as server build.'
[INFO] Listening on port 5004. Start training by pressing the Play button in the Unity Editor.
[INFO] Learning was interrupted. Please wait while the graph is generated.
