C:\rl-movie\.tmp-mlagents\lib\site-packages\mlagents\torch_utils\torch.py:4: UserWarning: pkg_resources is deprecated as an API. See https://setuptools.pypa.io/en/latest/pkg_resources.html. The pkg_resources package is slated for removal as early as 2025-11-30. Refrain from using this package or pin to Setuptools<81.
  import pkg_resources
C:\rl-movie\.tmp-mlagents\lib\site-packages\mlagents\torch_utils\torch.py:4: UserWarning: pkg_resources is deprecated as an API. See https://setuptools.pypa.io/en/latest/pkg_resources.html. The pkg_resources package is slated for removal as early as 2025-11-30. Refrain from using this package or pin to Setuptools<81.
  import pkg_resources
Traceback (most recent call last):
  File "C:\Users\syoma\AppData\Roaming\uv\python\cpython-3.10-windows-x86_64-none\lib\runpy.py", line 196, in _run_module_as_main
    return _run_code(code, main_globals, None,
  File "C:\Users\syoma\AppData\Roaming\uv\python\cpython-3.10-windows-x86_64-none\lib\runpy.py", line 86, in _run_code
    exec(code, run_globals)
  File "C:\rl-movie\.tmp-mlagents\lib\site-packages\mlagents\trainers\learn.py", line 275, in <module>
    main()
  File "C:\rl-movie\.tmp-mlagents\lib\site-packages\mlagents\trainers\learn.py", line 270, in main
    run_cli(parse_command_line())
  File "C:\rl-movie\.tmp-mlagents\lib\site-packages\mlagents\trainers\learn.py", line 266, in run_cli
    run_training(run_seed, options, num_areas)
  File "C:\rl-movie\.tmp-mlagents\lib\site-packages\mlagents\trainers\learn.py", line 138, in run_training
    tc.start_learning(env_manager)
  File "C:\rl-movie\.tmp-mlagents\lib\site-packages\mlagents_envs\timers.py", line 305, in wrapped
    return func(*args, **kwargs)
  File "C:\rl-movie\.tmp-mlagents\lib\site-packages\mlagents\trainers\trainer_controller.py", line 172, in start_learning
    self._reset_env(env_manager)
  File "C:\rl-movie\.tmp-mlagents\lib\site-packages\mlagents_envs\timers.py", line 305, in wrapped
    return func(*args, **kwargs)
  File "C:\rl-movie\.tmp-mlagents\lib\site-packages\mlagents\trainers\trainer_controller.py", line 105, in _reset_env
    env_manager.reset(config=new_config)
  File "C:\rl-movie\.tmp-mlagents\lib\site-packages\mlagents\trainers\env_manager.py", line 68, in reset
    self.first_step_infos = self._reset_env(config)
  File "C:\rl-movie\.tmp-mlagents\lib\site-packages\mlagents\trainers\subprocess_env_manager.py", line 446, in _reset_env
    ew.previous_step = EnvironmentStep(ew.recv().payload, ew.worker_id, {}, {})
  File "C:\rl-movie\.tmp-mlagents\lib\site-packages\mlagents\trainers\subprocess_env_manager.py", line 101, in recv
    raise env_exception
mlagents_envs.exception.UnityTimeOutException: The Unity environment took too long to respond. Make sure that :
	 The environment does not need user interaction to launch
	 The Agents' Behavior Parameters > Behavior Type is set to "Default"
	 The environment and the Python interface have compatible versions.
	 If you're running on a headless server without graphics support, turn off display by either passing --no-graphics option or build your Unity executable as server build.
