C:\rl-movie\.tmp-mlagents\lib\site-packages\mlagents\torch_utils\torch.py:4: UserWarning: pkg_resources is deprecated as an API. See https://setuptools.pypa.io/en/latest/pkg_resources.html. The pkg_resources package is slated for removal as early as 2025-11-30. Refrain from using this package or pin to Setuptools<81.
  import pkg_resources
C:\rl-movie\.tmp-mlagents\lib\site-packages\mlagents\torch_utils\torch.py:4: UserWarning: pkg_resources is deprecated as an API. See https://setuptools.pypa.io/en/latest/pkg_resources.html. The pkg_resources package is slated for removal as early as 2025-11-30. Refrain from using this package or pin to Setuptools<81.
  import pkg_resources
Traceback (most recent call last):
  File "C:\rl-movie\.tmp-mlagents\lib\site-packages\mlagents\trainers\trainer_controller.py", line 175, in start_learning
    n_steps = self.advance(env_manager)
  File "C:\rl-movie\.tmp-mlagents\lib\site-packages\mlagents_envs\timers.py", line 305, in wrapped
    return func(*args, **kwargs)
  File "C:\rl-movie\.tmp-mlagents\lib\site-packages\mlagents\trainers\trainer_controller.py", line 250, in advance
    trainer.advance()
  File "C:\rl-movie\.tmp-mlagents\lib\site-packages\mlagents\trainers\trainer\rl_trainer.py", line 293, in advance
    self._process_trajectory(t)
  File "C:\rl-movie\.tmp-mlagents\lib\site-packages\mlagents\trainers\ppo\trainer.py", line 74, in _process_trajectory
    super()._process_trajectory(trajectory)
  File "C:\rl-movie\.tmp-mlagents\lib\site-packages\mlagents\trainers\trainer\rl_trainer.py", line 224, in _process_trajectory
    self._maybe_save_model(self.get_step + len(trajectory.steps))
  File "C:\rl-movie\.tmp-mlagents\lib\site-packages\mlagents\trainers\trainer\rl_trainer.py", line 264, in _maybe_save_model
    self._checkpoint()
  File "C:\rl-movie\.tmp-mlagents\lib\site-packages\mlagents_envs\timers.py", line 305, in wrapped
    return func(*args, **kwargs)
  File "C:\rl-movie\.tmp-mlagents\lib\site-packages\mlagents\trainers\trainer\rl_trainer.py", line 144, in _checkpoint
    export_path, auxillary_paths = self.model_saver.save_checkpoint(
  File "C:\rl-movie\.tmp-mlagents\lib\site-packages\mlagents\trainers\model_saver\torch_model_saver.py", line 60, in save_checkpoint
    self.export(checkpoint_path, behavior_name)
  File "C:\rl-movie\.tmp-mlagents\lib\site-packages\mlagents\trainers\model_saver\torch_model_saver.py", line 65, in export
    self.exporter.export_policy_model(output_filepath)
  File "C:\rl-movie\.tmp-mlagents\lib\site-packages\mlagents\trainers\torch_entities\model_serialization.py", line 164, in export_policy_model
    torch.onnx.export(
  File "C:\rl-movie\.tmp-mlagents\lib\site-packages\torch\onnx\__init__.py", line 282, in export
    from torch.onnx._internal.exporter import _compat
  File "C:\rl-movie\.tmp-mlagents\lib\site-packages\torch\onnx\_internal\exporter\_compat.py", line 16, in <module>
    from torch.onnx._internal.exporter import (
  File "C:\rl-movie\.tmp-mlagents\lib\site-packages\torch\onnx\_internal\exporter\_core.py", line 19, in <module>
    import onnxscript
ModuleNotFoundError: No module named 'onnxscript'

During handling of the above exception, another exception occurred:

Traceback (most recent call last):
  File "C:\Users\syoma\AppData\Roaming\uv\python\cpython-3.10-windows-x86_64-none\lib\runpy.py", line 196, in _run_module_as_main
    return _run_code(code, main_globals, None,
  File "C:\Users\syoma\AppData\Roaming\uv\python\cpython-3.10-windows-x86_64-none\lib\runpy.py", line 86, in _run_code
    exec(code, run_globals)
  File "C:\rl-movie\.tmp-mlagents\lib\site-packages\mlagents\trainers\learn.py", line 275, in <module>
    main()
  File "C:\rl-movie\.tmp-mlagents\lib\site-packages\mlagents\trainers\learn.py", line 270, in main
    run_cli(parse_command_line())
  File "C:\rl-movie\.tmp-mlagents\lib\site-packages\mlagents\trainers\learn.py", line 266, in run_cli
    run_training(run_seed, options, num_areas)
  File "C:\rl-movie\.tmp-mlagents\lib\site-packages\mlagents\trainers\learn.py", line 138, in run_training
    tc.start_learning(env_manager)
  File "C:\rl-movie\.tmp-mlagents\lib\site-packages\mlagents_envs\timers.py", line 305, in wrapped
    return func(*args, **kwargs)
  File "C:\rl-movie\.tmp-mlagents\lib\site-packages\mlagents\trainers\trainer_controller.py", line 200, in start_learning
    self._save_models()
  File "C:\rl-movie\.tmp-mlagents\lib\site-packages\mlagents_envs\timers.py", line 305, in wrapped
    return func(*args, **kwargs)
  File "C:\rl-movie\.tmp-mlagents\lib\site-packages\mlagents\trainers\trainer_controller.py", line 80, in _save_models
    self.trainers[brain_name].save_model()
  File "C:\rl-movie\.tmp-mlagents\lib\site-packages\mlagents\trainers\trainer\rl_trainer.py", line 172, in save_model
    model_checkpoint = self._checkpoint()
  File "C:\rl-movie\.tmp-mlagents\lib\site-packages\mlagents_envs\timers.py", line 305, in wrapped
    return func(*args, **kwargs)
  File "C:\rl-movie\.tmp-mlagents\lib\site-packages\mlagents\trainers\trainer\rl_trainer.py", line 144, in _checkpoint
    export_path, auxillary_paths = self.model_saver.save_checkpoint(
  File "C:\rl-movie\.tmp-mlagents\lib\site-packages\mlagents\trainers\model_saver\torch_model_saver.py", line 60, in save_checkpoint
    self.export(checkpoint_path, behavior_name)
  File "C:\rl-movie\.tmp-mlagents\lib\site-packages\mlagents\trainers\model_saver\torch_model_saver.py", line 65, in export
    self.exporter.export_policy_model(output_filepath)
  File "C:\rl-movie\.tmp-mlagents\lib\site-packages\mlagents\trainers\torch_entities\model_serialization.py", line 164, in export_policy_model
    torch.onnx.export(
  File "C:\rl-movie\.tmp-mlagents\lib\site-packages\torch\onnx\__init__.py", line 282, in export
    from torch.onnx._internal.exporter import _compat
  File "C:\rl-movie\.tmp-mlagents\lib\site-packages\torch\onnx\_internal\exporter\_compat.py", line 16, in <module>
    from torch.onnx._internal.exporter import (
  File "C:\rl-movie\.tmp-mlagents\lib\site-packages\torch\onnx\_internal\exporter\_core.py", line 19, in <module>
    import onnxscript
ModuleNotFoundError: No module named 'onnxscript'
