[INFO] Listening on port 5004. Start training by pressing the Play button in the Unity Editor.
[INFO] Connected to Unity environment with package version 4.0.0 and communication version 1.5.0
[INFO] Connected new brain: GoldenSpineSmokeAgent?team=0


	Unity Technologies

 Version information:
  ml-agents: 1.1.0,
  ml-agents-envs: 1.1.0,
  Communicator API: 1.5.0,
  PyTorch: 2.10.0+cpu
[INFO] Hyperparameters for behavior name GoldenSpineSmokeAgent: 
	trainer_type:	ppo
	hyperparameters:	
	  batch_size:	64
	  buffer_size:	512
	  learning_rate:	0.0003
	  beta:	0.005
	  epsilon:	0.2
	  lambd:	0.95
	  num_epoch:	3
	  shared_critic:	False
	  learning_rate_schedule:	linear
	  beta_schedule:	linear
	  epsilon_schedule:	linear
	checkpoint_interval:	500
	network_settings:	
	  normalize:	True
	  hidden_units:	64
	  num_layers:	2
	  vis_encode_type:	simple
	  memory:	None
	  goal_conditioning_type:	hyper
	  deterministic:	False
	reward_signals:	
	  extrinsic:	
	    gamma:	0.99
	    strength:	1.0
	    network_settings:	
	      normalize:	False
	      hidden_units:	128
	      num_layers:	2
	      vis_encode_type:	simple
	      memory:	None
	      goal_conditioning_type:	hyper
	      deterministic:	False
	init_path:	None
	keep_checkpoints:	2
	even_checkpoints:	False
	max_steps:	2000
	time_horizon:	32
	summary_freq:	200
	threaded:	False
	self_play:	None
	behavioral_cloning:	None
[INFO] GoldenSpineSmokeAgent. Step: 200. Time Elapsed: 78.295 s. Mean Reward: -1.039. Std of Reward: 1.166. Training.
[INFO] GoldenSpineSmokeAgent. Step: 400. Time Elapsed: 80.899 s. Mean Reward: -1.427. Std of Reward: 0.915. Training.
